2022-11-22 10:34:00,340 [Worker-4: Loading available Gradle versions] INFO  o.e.b.c.i.u.g.PublishedGradleVersions - Gradle version information cache is out-of-date. Trying to update.
2022-11-22 12:07:07,083 [Worker-54: Enabling Maven Dependency Management] INFO  o.e.m.c.i.l.LifecycleMappingFactory - Using org.eclipse.m2e.jdt.JarLifecycleMapping lifecycle mapping for MavenProject: challnege.event:Challnege_Data:0.0.1-SNAPSHOT @ C:\Users\Federico\Desktop\Reto cetap\Challnege_Data\pom.xml.
2022-11-22 12:07:08,672 [Worker-54: Enabling Maven Dependency Management] INFO  o.e.m.j.i.AbstractJavaProjectConfigurator - Adding source folder /Challnege_Data/src
2022-11-22 12:07:08,675 [Worker-54: Enabling Maven Dependency Management] INFO  o.e.m.j.i.AbstractJavaProjectConfigurator - Not adding source folder /Challnege_Data/src/test/java because it overlaps with /Challnege_Data/src
2022-11-22 12:07:09,265 [Worker-54: Enabling Maven Dependency Management] INFO  o.e.m.c.i.p.ProjectConfigurationManager - Update started
2022-11-22 12:07:10,127 [Worker-54: Enabling Maven Dependency Management] INFO  o.e.m.c.i.l.LifecycleMappingFactory - Using org.eclipse.m2e.jdt.JarLifecycleMapping lifecycle mapping for MavenProject: challnege.event:Challnege_Data:0.0.1-SNAPSHOT @ C:\Users\Federico\Desktop\Reto cetap\Challnege_Data\pom.xml.
2022-11-22 12:07:10,874 [Worker-54: Enabling Maven Dependency Management] INFO  o.e.m.j.i.AbstractJavaProjectConfigurator - Adding source folder /Challnege_Data/src
2022-11-22 12:07:10,877 [Worker-54: Enabling Maven Dependency Management] INFO  o.e.m.j.i.AbstractJavaProjectConfigurator - Not adding source folder /Challnege_Data/src/test/java because it overlaps with /Challnege_Data/src
2022-11-22 12:07:11,515 [Worker-54: Enabling Maven Dependency Management] INFO  o.e.m.c.i.p.ProjectConfigurationManager - Update completed: 2 sec
2022-11-22 12:08:47,691 [Worker-57: Enabling Maven Dependency Management] INFO  o.e.m.c.i.l.LifecycleMappingFactory - Using org.eclipse.m2e.jdt.JarLifecycleMapping lifecycle mapping for MavenProject: challnege.event:Challnege_Crosscuting:0.0.1-SNAPSHOT @ C:\Users\Federico\Desktop\Reto cetap\Challnege_Crosscuting\pom.xml.
2022-11-22 12:08:49,139 [Worker-57: Enabling Maven Dependency Management] INFO  o.e.m.j.i.AbstractJavaProjectConfigurator - Adding source folder /Challnege_Crosscuting/src
2022-11-22 12:08:49,140 [Worker-57: Enabling Maven Dependency Management] INFO  o.e.m.j.i.AbstractJavaProjectConfigurator - Not adding source folder /Challnege_Crosscuting/src/test/java because it overlaps with /Challnege_Crosscuting/src
2022-11-22 12:08:50,263 [Worker-57: Enabling Maven Dependency Management] INFO  o.e.m.c.i.p.ProjectConfigurationManager - Update started
2022-11-22 12:08:50,418 [Worker-57: Enabling Maven Dependency Management] INFO  o.e.m.c.i.l.LifecycleMappingFactory - Using org.eclipse.m2e.jdt.JarLifecycleMapping lifecycle mapping for MavenProject: challnege.event:Challnege_Crosscuting:0.0.1-SNAPSHOT @ C:\Users\Federico\Desktop\Reto cetap\Challnege_Crosscuting\pom.xml.
2022-11-22 12:08:50,602 [Worker-57: Enabling Maven Dependency Management] INFO  o.e.m.j.i.AbstractJavaProjectConfigurator - Adding source folder /Challnege_Crosscuting/src
2022-11-22 12:08:50,603 [Worker-57: Enabling Maven Dependency Management] INFO  o.e.m.j.i.AbstractJavaProjectConfigurator - Not adding source folder /Challnege_Crosscuting/src/test/java because it overlaps with /Challnege_Crosscuting/src
2022-11-22 12:08:51,037 [Worker-57: Enabling Maven Dependency Management] INFO  o.e.m.c.i.p.ProjectConfigurationManager - Update completed: 0 sec
2022-11-22 12:09:03,489 [Worker-61: Enabling Maven Dependency Management] INFO  o.e.m.c.i.l.LifecycleMappingFactory - Using org.eclipse.m2e.jdt.JarLifecycleMapping lifecycle mapping for MavenProject: challnege.event:Challnege_Domain:0.0.1-SNAPSHOT @ C:\Users\Federico\Desktop\Reto cetap\Challnege_Domain\pom.xml.
2022-11-22 12:09:04,243 [Worker-61: Enabling Maven Dependency Management] INFO  o.e.m.j.i.AbstractJavaProjectConfigurator - Adding source folder /Challnege_Domain/src
2022-11-22 12:09:04,244 [Worker-61: Enabling Maven Dependency Management] INFO  o.e.m.j.i.AbstractJavaProjectConfigurator - Not adding source folder /Challnege_Domain/src/test/java because it overlaps with /Challnege_Domain/src
2022-11-22 12:09:04,790 [Worker-61: Enabling Maven Dependency Management] INFO  o.e.m.c.i.p.ProjectConfigurationManager - Update started
2022-11-22 12:09:04,956 [Worker-61: Enabling Maven Dependency Management] INFO  o.e.m.c.i.l.LifecycleMappingFactory - Using org.eclipse.m2e.jdt.JarLifecycleMapping lifecycle mapping for MavenProject: challnege.event:Challnege_Domain:0.0.1-SNAPSHOT @ C:\Users\Federico\Desktop\Reto cetap\Challnege_Domain\pom.xml.
2022-11-22 12:09:05,129 [Worker-61: Enabling Maven Dependency Management] INFO  o.e.m.j.i.AbstractJavaProjectConfigurator - Adding source folder /Challnege_Domain/src
2022-11-22 12:09:05,155 [Worker-61: Enabling Maven Dependency Management] INFO  o.e.m.j.i.AbstractJavaProjectConfigurator - Not adding source folder /Challnege_Domain/src/test/java because it overlaps with /Challnege_Domain/src
2022-11-22 12:09:05,792 [Worker-61: Enabling Maven Dependency Management] INFO  o.e.m.c.i.p.ProjectConfigurationManager - Update completed: 1 sec
2022-11-22 12:09:22,664 [Worker-56: Enabling Maven Dependency Management] INFO  o.e.m.c.i.l.LifecycleMappingFactory - Using org.eclipse.m2e.jdt.JarLifecycleMapping lifecycle mapping for MavenProject: challnege.event:Challnege_Service:0.0.1-SNAPSHOT @ C:\Users\Federico\Desktop\Reto cetap\Challnege_Service\pom.xml.
2022-11-22 12:09:23,437 [Worker-56: Enabling Maven Dependency Management] INFO  o.e.m.j.i.AbstractJavaProjectConfigurator - Adding source folder /Challnege_Service/src
2022-11-22 12:09:23,443 [Worker-56: Enabling Maven Dependency Management] INFO  o.e.m.j.i.AbstractJavaProjectConfigurator - Not adding source folder /Challnege_Service/src/test/java because it overlaps with /Challnege_Service/src
2022-11-22 12:09:23,906 [Worker-56: Enabling Maven Dependency Management] INFO  o.e.m.c.i.p.ProjectConfigurationManager - Update started
2022-11-22 12:09:24,018 [Worker-56: Enabling Maven Dependency Management] INFO  o.e.m.c.i.l.LifecycleMappingFactory - Using org.eclipse.m2e.jdt.JarLifecycleMapping lifecycle mapping for MavenProject: challnege.event:Challnege_Service:0.0.1-SNAPSHOT @ C:\Users\Federico\Desktop\Reto cetap\Challnege_Service\pom.xml.
2022-11-22 12:09:24,218 [Worker-56: Enabling Maven Dependency Management] INFO  o.e.m.j.i.AbstractJavaProjectConfigurator - Adding source folder /Challnege_Service/src
2022-11-22 12:09:24,220 [Worker-56: Enabling Maven Dependency Management] INFO  o.e.m.j.i.AbstractJavaProjectConfigurator - Not adding source folder /Challnege_Service/src/test/java because it overlaps with /Challnege_Service/src
2022-11-22 12:09:24,561 [Worker-56: Enabling Maven Dependency Management] INFO  o.e.m.c.i.p.ProjectConfigurationManager - Update completed: 0 sec
2022-11-22 12:12:13,230 [Worker-57: Building Workspace] WARN  o.e.m.c.i.embedder.EclipseLogger - Using platform encoding (Cp1252 actually) to copy filtered resources, i.e. build is platform dependent!
2022-11-22 12:12:13,232 [Worker-57: Building Workspace] INFO  o.e.m.c.i.embedder.EclipseLogger - skip non existing resourceDirectory C:\Users\Federico\Desktop\Reto cetap\Challnege_Crosscuting\src\main\resources
2022-11-22 12:12:13,236 [Worker-57: Building Workspace] WARN  o.e.m.c.i.embedder.EclipseLogger - Using platform encoding (Cp1252 actually) to copy filtered resources, i.e. build is platform dependent!
2022-11-22 12:12:13,238 [Worker-57: Building Workspace] INFO  o.e.m.c.i.embedder.EclipseLogger - skip non existing resourceDirectory C:\Users\Federico\Desktop\Reto cetap\Challnege_Crosscuting\src\test\resources
2022-11-22 12:12:13,681 [Worker-57: Building Workspace] WARN  o.e.m.c.i.embedder.EclipseLogger - Using platform encoding (Cp1252 actually) to copy filtered resources, i.e. build is platform dependent!
2022-11-22 12:12:13,683 [Worker-57: Building Workspace] INFO  o.e.m.c.i.embedder.EclipseLogger - skip non existing resourceDirectory C:\Users\Federico\Desktop\Reto cetap\Challnege_Data\src\main\resources
2022-11-22 12:12:13,687 [Worker-57: Building Workspace] WARN  o.e.m.c.i.embedder.EclipseLogger - Using platform encoding (Cp1252 actually) to copy filtered resources, i.e. build is platform dependent!
2022-11-22 12:12:13,696 [Worker-57: Building Workspace] INFO  o.e.m.c.i.embedder.EclipseLogger - skip non existing resourceDirectory C:\Users\Federico\Desktop\Reto cetap\Challnege_Data\src\test\resources
2022-11-22 12:12:13,739 [Worker-57: Building Workspace] WARN  o.e.m.c.i.embedder.EclipseLogger - Using platform encoding (Cp1252 actually) to copy filtered resources, i.e. build is platform dependent!
2022-11-22 12:12:13,741 [Worker-57: Building Workspace] INFO  o.e.m.c.i.embedder.EclipseLogger - skip non existing resourceDirectory C:\Users\Federico\Desktop\Reto cetap\Challnege_Domain\src\main\resources
2022-11-22 12:12:13,745 [Worker-57: Building Workspace] WARN  o.e.m.c.i.embedder.EclipseLogger - Using platform encoding (Cp1252 actually) to copy filtered resources, i.e. build is platform dependent!
2022-11-22 12:12:13,746 [Worker-57: Building Workspace] INFO  o.e.m.c.i.embedder.EclipseLogger - skip non existing resourceDirectory C:\Users\Federico\Desktop\Reto cetap\Challnege_Domain\src\test\resources
2022-11-22 12:12:13,874 [Worker-57: Building Workspace] WARN  o.e.m.c.i.embedder.EclipseLogger - Using platform encoding (Cp1252 actually) to copy filtered resources, i.e. build is platform dependent!
2022-11-22 12:12:13,876 [Worker-57: Building Workspace] INFO  o.e.m.c.i.embedder.EclipseLogger - skip non existing resourceDirectory C:\Users\Federico\Desktop\Reto cetap\Challnege_Service\src\main\resources
2022-11-22 12:12:13,880 [Worker-57: Building Workspace] WARN  o.e.m.c.i.embedder.EclipseLogger - Using platform encoding (Cp1252 actually) to copy filtered resources, i.e. build is platform dependent!
2022-11-22 12:12:13,895 [Worker-57: Building Workspace] INFO  o.e.m.c.i.embedder.EclipseLogger - skip non existing resourceDirectory C:\Users\Federico\Desktop\Reto cetap\Challnege_Service\src\test\resources
